  [4;36;1mSQL (0.9ms)[0m   [0;1m SELECT name
 FROM sqlite_master
 WHERE type = 'table' AND NOT name = 'sqlite_sequence'
[0m
  [4;35;1mSQL (0.5ms)[0m   [0mselect sqlite_version(*)[0m
  [4;36;1mSQL (5.2ms)[0m   [0;1mCREATE TABLE "schema_migrations" ("version" varchar(255) NOT NULL) [0m
  [4;35;1mSQL (7.4ms)[0m   [0mCREATE UNIQUE INDEX "unique_schema_migrations" ON "schema_migrations" ("version")[0m
  [4;36;1mSQL (0.8ms)[0m   [0;1m SELECT name
 FROM sqlite_master
 WHERE type = 'table' AND NOT name = 'sqlite_sequence'
[0m
  [4;35;1mSQL (0.5ms)[0m   [0mSELECT version FROM schema_migrations[0m
Migrating to CreateTopics (20090613212838)
  [4;36;1mSQL (2.0ms)[0m   [0;1mCREATE TABLE "topics" ("id" INTEGER PRIMARY KEY AUTOINCREMENT NOT NULL, "title" varchar(255), "description" text, "created_at" datetime, "updated_at" datetime) [0m
  [4;35;1mSQL (0.8ms)[0m   [0mINSERT INTO schema_migrations (version) VALUES ('20090613212838')[0m
  [4;36;1mSQL (1.5ms)[0m   [0;1m SELECT name
 FROM sqlite_master
 WHERE type = 'table' AND NOT name = 'sqlite_sequence'
[0m
  [4;35;1mSQL (0.6ms)[0m   [0mSELECT version FROM schema_migrations[0m
  [4;36;1mSQL (0.6ms)[0m   [0;1m SELECT name
 FROM sqlite_master
 WHERE type = 'table' AND NOT name = 'sqlite_sequence'
[0m
  [4;35;1mSQL (0.5ms)[0m   [0mPRAGMA index_list("topics")[0m


Processing TopicsController#index (for 127.0.0.1 at 2009-06-13 14:32:07) [GET]
  [4;36;1mTopic Load (4.2ms)[0m   [0;1mSELECT * FROM "topics" [0m
Rendering template within layouts/topics
Rendering topics/index
Completed in 235ms (View: 214, DB: 4) | 200 OK [http://localhost/topics]


Processing TopicsController#new (for 127.0.0.1 at 2009-06-13 14:33:52) [GET]
Rendering template within layouts/topics
Rendering topics/new
Completed in 55ms (View: 33, DB: 0) | 200 OK [http://localhost/topics/new]
